🌱 Starting seed...
📦 Seeding 50 services pages...
Error seeding services: Could not find the table 'public.pages' in the schema cache
📦 Seeding 40 industries pages...
Error seeding industries: Could not find the table 'public.pages' in the schema cache
📦 Seeding 60 technologies pages...
Error seeding technologies: Could not find the table 'public.pages' in the schema cache
Error seeding technologies: Could not find the table 'public.pages' in the schema cache
📦 Seeding 300 blog pages...
Error seeding blog: Could not find the table 'public.pages' in the schema cache
Error seeding blog: Could not find the table 'public.pages' in the schema cache
Error seeding blog: Could not find the table 'public.pages' in the schema cache
Error seeding blog: Could not find the table 'public.pages' in the schema cache
Error seeding blog: Could not find the table 'public.pages' in the schema cache
Error seeding blog: Could not find the table 'public.pages' in the schema cache
📦 Seeding 100 case-studies pages...
Error seeding case-studies: Could not find the table 'public.pages' in the schema cache
Error seeding case-studies: Could not find the table 'public.pages' in the schema cache
📦 Seeding 40 solutions pages...
Error seeding solutions: Could not find the table 'public.pages' in the schema cache
📦 Seeding 50 products pages...
Error seeding products: Could not find the table 'public.pages' in the schema cache
📦 Seeding 100 resources pages...
Error seeding resources: Could not find the table 'public.pages' in the schema cache
Error seeding resources: Could not find the table 'public.pages' in the schema cache
📦 Seeding 50 guides pages...
Error seeding guides: Could not find the table 'public.pages' in the schema cache
📦 Seeding 30 careers pages...
Error seeding careers: Could not find the table 'public.pages' in the schema cache
📦 Seeding 50 locations pages...
Error seeding locations: Could not find the table 'public.pages' in the schema cache
📦 Seeding 30 comparisons pages...
Error seeding comparisons: Could not find the table 'public.pages' in the schema cache
📦 Seeding 30 webinars pages...
Error seeding webinars: Could not find the table 'public.pages' in the schema cache
📦 Seeding 80 faq pages...
Error seeding faq: Could not find the table 'public.pages' in the schema cache
Error seeding faq: Could not find the table 'public.pages' in the schema cache
📦 Seeding 30 team pages...
Error seeding team: Could not find the table 'public.pages' in the schema cache

✅ Seeded 0 pages total!
