п»їв‰ЎЖ’ГњГ‡ TheGetNow Enterprise Seed О“Г‡Г¶ Generating 1,040+ pages...

в‰ЎЖ’ГґВЄ Seeding 50 services pages...
  О“ВЈГ  services complete
node.exe :   О“ВҐГ® Batch 1 
error: Could not find the 
'featured_image' column 
of 'pages' in the schema 
cache
At C:\Program 
Files\nodejs\npx.ps1:29 
char:3
+   & $NODE_EXE 
$NPX_CLI_JS $args
+   ~~~~~~~~~~~~~~~~~~~~~~
~~~~~~~
    + CategoryInfo        
      : NotSpecified: (   
   О“ВҐГ® Batch 1 e...he s   
 chema cache:String) [    
], RemoteException
    + FullyQualifiedError 
   Id : NativeCommandErr  
  or
 
в‰ЎЖ’ГґВЄ Seeding 40 industries pages...
  О“ВЈГ  industries complete
  О“ВҐГ® Batch 1 error: 
Could not find the 
'featured_image' column 
of 'pages' in the schema 
cache
в‰ЎЖ’ГґВЄ Seeding 60 technologies pages...
  О“ВҐГ® Batch 1 error: 
Could not find the 
'featured_image' column 
of 'pages' in the schema 
cache
  О“ВҐГ® Batch 2 error: 
Could not find the 
'featured_image' column 
of 'pages' in the schema 
cache
  О“ВЈГ  technologies complete
в‰ЎЖ’ГґВЄ Seeding 300 blog pages...
  О“ВҐГ® Batch 1 error: 
Could not find the 
'featured_image' column 
of 'pages' in the schema 
cache
  О“ВҐГ® Batch 2 error: 
Could not find the 
'featured_image' column 
of 'pages' in the schema 
cache
  О“ВҐГ® Batch 3 error: 
Could not find the 
'featured_image' column 
of 'pages' in the schema 
cache
  О“ВҐГ® Batch 4 error: 
Could not find the 
'featured_image' column 
of 'pages' in the schema 
cache
  О“ВҐГ® Batch 5 error: 
Could not find the 
'featured_image' column 
of 'pages' in the schema 
cache
  О“ВҐГ® Batch 6 error: 
Could not find the 
'featured_image' column 
of 'pages' in the schema 
cache
  О“ВЈГ  blog complete
в‰ЎЖ’ГґВЄ Seeding 50 portfolio pages...
  О“ВҐГ® Batch 1 error: 
Could not find the 
'featured_image' column 
of 'pages' in the schema 
cache
  О“ВЈГ  portfolio complete
в‰ЎЖ’ГґВЄ Seeding 40 solutions pages...
  О“ВҐГ® Batch 1 error: 
Could not find the 
'featured_image' column 
of 'pages' in the schema 
cache
  О“ВЈГ  solutions complete
в‰ЎЖ’ГґВЄ Seeding 50 products pages...
  О“ВҐГ® Batch 1 error: 
Could not find the 
'featured_image' column 
of 'pages' in the schema 
cache
  О“ВЈГ  products complete
в‰ЎЖ’ГґВЄ Seeding 100 resources pages...
  О“ВҐГ® Batch 1 error: 
Could not find the 
'featured_image' column 
of 'pages' in the schema 
cache
  О“ВЈГ  resources complete
  О“ВҐГ® Batch 2 error: 
Could not find the 
'featured_image' column 
of 'pages' in the schema 
cache
в‰ЎЖ’ГґВЄ Seeding 50 guides pages...
  О“ВЈГ  guides complete
  О“ВҐГ® Batch 1 error: 
Could not find the 
'featured_image' column 
of 'pages' in the schema 
cache
в‰ЎЖ’ГґВЄ Seeding 30 careers pages...
  О“ВҐГ® Batch 1 error: 
Could not find the 
'featured_image' column 
of 'pages' in the schema 
cache
  О“ВЈГ  careers complete
в‰ЎЖ’ГґВЄ Seeding 50 locations pages...
  О“ВЈГ  locations complete
  О“ВҐГ® Batch 1 error: 
Could not find the 
'featured_image' column 
of 'pages' in the schema 
cache
в‰ЎЖ’ГґВЄ Seeding 30 comparisons pages...
  О“ВҐГ® Batch 1 error: 
Could not find the 
'featured_image' column 
of 'pages' in the schema 
cache
  О“ВЈГ  comparisons complete
в‰ЎЖ’ГґВЄ Seeding 30 webinars pages...
  О“ВҐГ® Batch 1 error: 
Could not find the 
'featured_image' column 
of 'pages' in the schema 
cache
  О“ВЈГ  webinars complete
в‰ЎЖ’ГґВЄ Seeding 80 faq pages...
  О“ВҐГ® Batch 1 error: 
Could not find the 
'featured_image' column 
of 'pages' in the schema 
cache
  О“ВҐГ® Batch 2 error: 
Could not find the 
'featured_image' column 
of 'pages' in the schema 
cache
  О“ВЈГ  faq complete
в‰ЎЖ’ГґВЄ Seeding 30 team pages...
  О“ВҐГ® Batch 1 error: 
Could not find the 
'featured_image' column 
of 'pages' in the schema 
cache
  О“ВЈГ  team complete
в‰ЎЖ’ГґВЄ Seeding 100 case-studies pages...
  О“ВҐГ® Batch 1 error: 
Could not find the 
'featured_image' column 
of 'pages' in the schema 
cache
  О“ВҐГ® Batch 2 error: 
Could not find the 
'featured_image' column 
of 'pages' in the schema 
cache
  О“ВЈГ  case-studies complete

О“ГІГ‰О“ГІГ‰О“ГІГ‰О“ГІГ‰О“ГІГ‰О“ГІГ‰О“ГІГ‰О“ГІГ‰О“ГІГ‰О“ГІГ‰О“ГІГ‰О“ГІГ‰О“ГІГ‰О“ГІГ‰О“ГІГ‰О“ГІГ‰О“ГІГ‰О“ГІГ‰О“ГІГ‰О“ГІГ‰О“ГІГ‰О“ГІГ‰О“ГІГ‰О“ГІГ‰О“ГІГ‰О“ГІГ‰О“ГІГ‰О“ГІГ‰О“ГІГ‰О“ГІГ‰О“ГІГ‰О“ГІГ‰О“ГІГ‰О“ГІГ‰О“ГІГ‰О“ГІГ‰О“ГІГ‰О“ГІГ‰О“ГІГ‰О“ГІГ‰О“ГІГ‰О“ГІГ‰О“ГІГ‰О“ГІГ‰О“ГІГ‰О“ГІГ‰О“ГІГ‰О“ГІГ‰О“ГІГ‰О“ГІГ‰
О“ВЈГ  TOTAL: 0 pages seeded successfully!
О“ГњГЎв€©в••Г…  25 batch errors occurred
О“ГІГ‰О“ГІГ‰О“ГІГ‰О“ГІГ‰О“ГІГ‰О“ГІГ‰О“ГІГ‰О“ГІГ‰О“ГІГ‰О“ГІГ‰О“ГІГ‰О“ГІГ‰О“ГІГ‰О“ГІГ‰О“ГІГ‰О“ГІГ‰О“ГІГ‰О“ГІГ‰О“ГІГ‰О“ГІГ‰О“ГІГ‰О“ГІГ‰О“ГІГ‰О“ГІГ‰О“ГІГ‰О“ГІГ‰О“ГІГ‰О“ГІГ‰О“ГІГ‰О“ГІГ‰О“ГІГ‰О“ГІГ‰О“ГІГ‰О“ГІГ‰О“ГІГ‰О“ГІГ‰О“ГІГ‰О“ГІГ‰О“ГІГ‰О“ГІГ‰О“ГІГ‰О“ГІГ‰О“ГІГ‰О“ГІГ‰О“ГІГ‰О“ГІГ‰О“ГІГ‰О“ГІГ‰О“ГІГ‰О“ГІГ‰

в‰ЎЖ’ГґГЁ Database now contains 1090 total pages

в‰ЎЖ’ГґГЇ Breakdown by category:
   blog            300 pages
   resources       100 pages
   case-studies    100 pages
   faq             80 pages
   technologies    60 pages
   services        50 pages
   portfolio       50 pages
   products        50 pages
   guides          50 pages
   locations       50 pages
   industries      40 pages
   solutions       40 pages
   careers         30 pages
   comparisons     30 pages
   webinars        30 pages
   team            30 pages
